2025-02-42 17:28 o.s.b.d.LoggingFailureAnalysisReporter-

***************************
APPLICATION FAILED TO START
***************************

Description:

Web server failed to start. Port 8080 was already in use.

Action:

Identify and stop the process that's listening on port 8080 or configure this application to listen on another port.

2025-02-42 17:30 c.b.S.C.c.CommonExceptionHandler-이미 가입된 회원입니다.
2025-02-42 17:32 c.b.S.C.c.CommonExceptionHandler-이미 가입된 회원입니다.
2025-02-42 17:35 o.s.a.r.l.SimpleMessageListenerContainer-Failed to check/redeclare auto-delete queue(s).
org.springframework.amqp.AmqpConnectException: java.net.ConnectException: Connection refused: getsockopt
	at org.springframework.amqp.rabbit.support.RabbitExceptionTranslator.convertRabbitAccessException(RabbitExceptionTranslator.java:61)
	at org.springframework.amqp.rabbit.connection.AbstractConnectionFactory.createBareConnection(AbstractConnectionFactory.java:633)
	at org.springframework.amqp.rabbit.connection.CachingConnectionFactory.createConnection(CachingConnectionFactory.java:726)
	at org.springframework.amqp.rabbit.connection.ConnectionFactoryUtils.createConnection(ConnectionFactoryUtils.java:257)
	at org.springframework.amqp.rabbit.core.RabbitTemplate.doExecute(RabbitTemplate.java:2262)
	at org.springframework.amqp.rabbit.core.RabbitTemplate.execute(RabbitTemplate.java:2235)
	at org.springframework.amqp.rabbit.core.RabbitTemplate.execute(RabbitTemplate.java:2215)
	at org.springframework.amqp.rabbit.core.RabbitAdmin.getQueueInfo(RabbitAdmin.java:468)
	at org.springframework.amqp.rabbit.core.RabbitAdmin.getQueueProperties(RabbitAdmin.java:452)
	at org.springframework.amqp.rabbit.listener.AbstractMessageListenerContainer.attemptDeclarations(AbstractMessageListenerContainer.java:1960)
	at org.springframework.amqp.rabbit.listener.AbstractMessageListenerContainer.redeclareElementsIfNecessary(AbstractMessageListenerContainer.java:1924)
	at org.springframework.amqp.rabbit.listener.SimpleMessageListenerContainer$AsyncMessageProcessingConsumer.initialize(SimpleMessageListenerContainer.java:1483)
	at org.springframework.amqp.rabbit.listener.SimpleMessageListenerContainer$AsyncMessageProcessingConsumer.run(SimpleMessageListenerContainer.java:1324)
	at java.base/java.lang.Thread.run(Thread.java:840)
Caused by: java.net.ConnectException: Connection refused: getsockopt
	at java.base/sun.nio.ch.Net.pollConnect(Native Method)
	at java.base/sun.nio.ch.Net.pollConnectNow(Net.java:672)
	at java.base/sun.nio.ch.NioSocketImpl.timedFinishConnect(NioSocketImpl.java:547)
	at java.base/sun.nio.ch.NioSocketImpl.connect(NioSocketImpl.java:602)
	at java.base/java.net.SocksSocketImpl.connect(SocksSocketImpl.java:327)
	at java.base/java.net.Socket.connect(Socket.java:633)
	at com.rabbitmq.client.impl.SocketFrameHandlerFactory.create(SocketFrameHandlerFactory.java:61)
	at com.rabbitmq.client.ConnectionFactory.newConnection(ConnectionFactory.java:1249)
	at com.rabbitmq.client.ConnectionFactory.newConnection(ConnectionFactory.java:1198)
	at com.rabbitmq.client.ConnectionFactory.newConnection(ConnectionFactory.java:1369)
	at org.springframework.amqp.rabbit.connection.AbstractConnectionFactory.connectHostPort(AbstractConnectionFactory.java:696)
	at org.springframework.amqp.rabbit.connection.AbstractConnectionFactory.connect(AbstractConnectionFactory.java:651)
	at org.springframework.amqp.rabbit.connection.AbstractConnectionFactory.createBareConnection(AbstractConnectionFactory.java:594)
	... 12 common frames omitted
2025-02-42 17:35 o.s.a.r.l.SimpleMessageListenerContainer-Failed to check/redeclare auto-delete queue(s).
2025-02-42 17:36 o.s.a.r.l.SimpleMessageListenerContainer-Failed to check/redeclare auto-delete queue(s).
2025-02-42 17:36 o.s.a.r.l.SimpleMessageListenerContainer-Failed to check/redeclare auto-delete queue(s).
2025-02-42 17:36 o.s.a.r.l.SimpleMessageListenerContainer-Failed to check/redeclare auto-delete queue(s).
2025-02-42 17:36 o.s.a.r.l.SimpleMessageListenerContainer-Failed to check/redeclare auto-delete queue(s).
2025-02-42 17:36 o.s.a.r.l.SimpleMessageListenerContainer-Failed to check/redeclare auto-delete queue(s).
2025-02-42 17:36 o.s.a.r.l.SimpleMessageListenerContainer-Failed to check/redeclare auto-delete queue(s).
2025-02-42 17:36 o.s.a.r.l.SimpleMessageListenerContainer-Failed to check/redeclare auto-delete queue(s).
2025-02-42 17:36 o.s.a.r.l.SimpleMessageListenerContainer-Failed to check/redeclare auto-delete queue(s).
2025-02-42 17:36 o.s.a.r.l.SimpleMessageListenerContainer-Failed to check/redeclare auto-delete queue(s).
2025-02-42 17:36 o.s.a.r.l.SimpleMessageListenerContainer-Failed to check/redeclare auto-delete queue(s).
2025-02-42 17:36 o.s.a.r.l.SimpleMessageListenerContainer-Failed to check/redeclare auto-delete queue(s).
2025-02-42 17:36 o.s.a.r.l.SimpleMessageListenerContainer-Failed to check/redeclare auto-delete queue(s).
2025-02-42 17:37 o.s.a.r.l.SimpleMessageListenerContainer-Failed to check/redeclare auto-delete queue(s).
2025-02-42 17:37 o.s.a.r.l.SimpleMessageListenerContainer-Failed to check/redeclare auto-delete queue(s).
2025-02-42 17:37 o.s.a.r.l.SimpleMessageListenerContainer-Failed to check/redeclare auto-delete queue(s).
2025-02-42 17:37 o.s.a.r.l.SimpleMessageListenerContainer-Failed to check/redeclare auto-delete queue(s).
2025-02-42 17:37 o.s.a.r.l.SimpleMessageListenerContainer-Failed to check/redeclare auto-delete queue(s).
2025-02-42 17:37 o.s.a.r.l.SimpleMessageListenerContainer-Failed to check/redeclare auto-delete queue(s).
2025-02-42 17:37 o.s.a.r.l.SimpleMessageListenerContainer-Failed to check/redeclare auto-delete queue(s).
2025-02-42 17:37 o.s.a.r.l.SimpleMessageListenerContainer-Failed to check/redeclare auto-delete queue(s).
2025-02-42 17:37 o.s.a.r.l.SimpleMessageListenerContainer-Failed to check/redeclare auto-delete queue(s).
2025-02-42 17:37 o.s.a.r.l.SimpleMessageListenerContainer-Failed to check/redeclare auto-delete queue(s).
2025-02-42 17:37 o.s.a.r.l.SimpleMessageListenerContainer-Failed to check/redeclare auto-delete queue(s).
2025-02-42 17:38 o.s.a.r.l.SimpleMessageListenerContainer-Failed to check/redeclare auto-delete queue(s).
2025-02-42 17:38 o.s.a.r.l.SimpleMessageListenerContainer-Failed to check/redeclare auto-delete queue(s).
2025-02-42 17:38 o.s.a.r.l.SimpleMessageListenerContainer-Failed to check/redeclare auto-delete queue(s).
2025-02-42 17:38 o.s.a.r.l.SimpleMessageListenerContainer-Failed to check/redeclare auto-delete queue(s).
2025-02-42 17:38 o.s.a.r.l.SimpleMessageListenerContainer-Failed to check/redeclare auto-delete queue(s).
2025-02-42 17:38 o.s.a.r.l.SimpleMessageListenerContainer-Failed to check/redeclare auto-delete queue(s).
2025-02-42 17:38 o.s.a.r.l.SimpleMessageListenerContainer-Failed to check/redeclare auto-delete queue(s).
2025-02-42 17:38 o.s.a.r.l.SimpleMessageListenerContainer-Failed to check/redeclare auto-delete queue(s).
2025-02-42 17:38 o.s.a.r.l.SimpleMessageListenerContainer-Failed to check/redeclare auto-delete queue(s).
2025-02-42 17:38 o.s.a.r.l.SimpleMessageListenerContainer-Failed to check/redeclare auto-delete queue(s).
2025-02-42 17:38 o.s.a.r.l.SimpleMessageListenerContainer-Failed to check/redeclare auto-delete queue(s).
2025-02-42 17:38 o.s.a.r.l.SimpleMessageListenerContainer-Failed to check/redeclare auto-delete queue(s).
2025-02-42 17:39 o.s.a.r.l.SimpleMessageListenerContainer-Failed to check/redeclare auto-delete queue(s).
2025-02-42 17:39 o.s.a.r.l.SimpleMessageListenerContainer-Failed to check/redeclare auto-delete queue(s).
2025-02-42 17:39 o.s.a.r.l.SimpleMessageListenerContainer-Failed to check/redeclare auto-delete queue(s).
2025-02-42 17:39 o.s.a.r.l.SimpleMessageListenerContainer-Failed to check/redeclare auto-delete queue(s).
2025-02-42 17:39 o.s.a.r.l.SimpleMessageListenerContainer-Failed to check/redeclare auto-delete queue(s).
2025-02-42 17:39 o.s.a.r.l.SimpleMessageListenerContainer-Failed to check/redeclare auto-delete queue(s).
2025-02-42 17:39 o.s.a.r.l.SimpleMessageListenerContainer-Failed to check/redeclare auto-delete queue(s).
2025-02-42 17:39 o.s.a.r.l.SimpleMessageListenerContainer-Failed to check/redeclare auto-delete queue(s).
2025-02-42 17:39 o.s.a.r.l.SimpleMessageListenerContainer-Failed to check/redeclare auto-delete queue(s).
2025-02-42 17:39 o.s.a.r.l.SimpleMessageListenerContainer-Failed to check/redeclare auto-delete queue(s).
2025-02-42 17:39 o.s.a.r.l.SimpleMessageListenerContainer-Failed to check/redeclare auto-delete queue(s).
2025-02-42 17:39 o.s.a.r.l.SimpleMessageListenerContainer-Failed to check/redeclare auto-delete queue(s).
2025-02-42 17:40 o.s.a.r.l.SimpleMessageListenerContainer-Failed to check/redeclare auto-delete queue(s).
2025-02-42 17:40 o.s.a.r.l.SimpleMessageListenerContainer-Failed to check/redeclare auto-delete queue(s).
2025-02-42 17:40 o.s.a.r.l.SimpleMessageListenerContainer-Failed to check/redeclare auto-delete queue(s).
2025-02-42 19:03 c.b.S.C.c.CommonExceptionHandler-email already exists
2025-02-42 19:45 c.b.S.C.c.CommonExceptionHandler-Validation failed for argument [0] in public java.lang.String com.beyond.StomachForce.restaurant.controller.RestaurantController.authorCreate(com.beyond.StomachForce.restaurant.dtos.RestaurantCreateReq): [Field error in object 'restaurantCreateReq' on field 'restaurantPhotos': rejected value [null]; codes [NotEmpty.restaurantCreateReq.restaurantPhotos,NotEmpty.restaurantPhotos,NotEmpty.java.util.List,NotEmpty]; arguments [org.springframework.context.support.DefaultMessageSourceResolvable: codes [restaurantCreateReq.restaurantPhotos,restaurantPhotos]; arguments []; default message [restaurantPhotos]]; default message [비어 있을 수 없습니다]] 
